Removed Pin From Net: NetName=GND Pin=F1-1
Removed Pin From Net: NetName=NetF1_2 Pin=F1-2
Removed Pin From Net: NetName=3V3 Pin=STM32F103CBT6-1
Removed Pin From Net: NetName=3V3 Pin=STM32F103CBT6-9
Removed Pin From Net: NetName=3V3 Pin=STM32F103CBT6-24
Removed Pin From Net: NetName=3V3 Pin=STM32F103CBT6-36
Removed Pin From Net: NetName=3V3 Pin=STM32F103CBT6-48
Removed Member From Class: ClassName=Schematic Member=F1
Added Component: Designator=F?(FP-1206L-MFG)
Add component (AddParameter): Name = "Ambient Temperature Range High"; Value = "+85°C"; VariantName = "[No Variations]"
Add component (AddParameter): Name = "Ambient Temperature Range Low"; Value = "-40°C"; VariantName = "[No Variations]"
Add component (AddParameter): Name = "Automotive"; Value = "Yes"; VariantName = "[No Variations]"
Add component (AddParameter): Name = "Automotive Grade"; Value = "Grade 3"; VariantName = "[No Variations]"
Add component (AddParameter): Name = "Category"; Value = "Fuse"; VariantName = "[No Variations]"
Add component (AddParameter): Name = "ComponentLink2Description"; Value = "Datasheet"; VariantName = "[No Variations]"
Add component (AddParameter): Name = "ComponentLink2URL"; Value = "https://www.littelfuse.com/~/media/electronics/datasheets/resettable_ptcs/littelfuse_ptc_1206l_datasheet.pdf.pdf"; VariantName = "[No Variations]"
Add component (AddParameter): Name = "Current Rating"; Value = "100A"; VariantName = "[No Variations]"
Add component (AddParameter): Name = "Device Class L1"; Value = "Circuit Protection"; VariantName = "[No Variations]"
Add component (AddParameter): Name = "Device Class L2"; Value = "PTC Resettable Fuses"; VariantName = "[No Variations]"
Add component (AddParameter): Name = "Device Class L3"; Value = "unset"; VariantName = "[No Variations]"
Add component (AddParameter): Name = "Digikey Description"; Value = "PTC RESET FUSE 24V 200MA 1206"; VariantName = "[No Variations]"
Add component (AddParameter): Name = "Height"; Value = "1mm"; VariantName = "[No Variations]"
Add component (AddParameter): Name = "Hold Current"; Value = "0.2A"; VariantName = "[No Variations]"
Add component (AddParameter): Name = "Lead Free"; Value = "Yes"; VariantName = "[No Variations]"
Add component (AddParameter): Name = "Manufacturer"; Value = "Littelfuse Inc"; VariantName = "[No Variations]"
Add component (AddParameter): Name = "Manufacturer Part Number"; Value = "1206L020YR"; VariantName = "[No Variations]"
Add component (AddParameter): Name = "Mouser Description"; Value = "Resettable Fuses - PPTC 24 V .2A .05s"; VariantName = "[No Variations]"
Add component (AddParameter): Name = "Octopart"; Value = "https://octopart.com/1206l020yr-littelfuse-569121"; VariantName = "[No Variations]"
Add component (AddParameter): Name = "Package"; Value = "1206L"; VariantName = "[No Variations]"
Add component (AddParameter): Name = "Resistance"; Value = "0.65-2.6O"; VariantName = "[No Variations]"
Add component (AddParameter): Name = "RoHS"; Value = "TRUE"; VariantName = "[No Variations]"
Add component (AddParameter): Name = "Temperature"; Value = "-40°C to +85°C"; VariantName = "[No Variations]"
Add component (AddParameter): Name = "Temperature Range High"; Value = "+85°C"; VariantName = "[No Variations]"
Add component (AddParameter): Name = "Temperature Range Low"; Value = "-40°C"; VariantName = "[No Variations]"
Add component (AddParameter): Name = "Trip Current"; Value = "0.42A"; VariantName = "[No Variations]"
Add component (AddParameter): Name = "Trip Time"; Value = "0.1s"; VariantName = "[No Variations]"
Add component (AddParameter): Name = "Value"; Value = "0.65-2.6O"; VariantName = "[No Variations]"
Add component (AddParameter): Name = "Voltage Rating"; Value = "24V"; VariantName = "[No Variations]"
Added Pin To Net: NetName=NetF1_2 Pin=F?-1
Added Pin To Net: NetName=3V3 Pin=F?-2
Added Pin To Net: NetName=GND Pin=STM32F103CBT6-8
Added Pin To Net: NetName=GND Pin=STM32F103CBT6-23
Added Pin To Net: NetName=GND Pin=STM32F103CBT6-35
Added Pin To Net: NetName=GND Pin=STM32F103CBT6-47
Added Pin To Net: NetName=NetF1_2 Pin=STM32F103CBT6-48
Change Net Name : Old Net Name=NetF1_2 New Net Name=NetF?_1
Added Member To Class: ClassName=Schematic Member=Component F? 1206L020YR
